d:\המסמכים שלי\desktop\assignment 3\forclass3d\engine\debug\engine.pdb
d:\המסמכים שלי\desktop\assignment 3\forclass3d\engine\debug\engine.idb
d:\המסמכים שלי\desktop\assignment 3\forclass3d\engine\debug\shader.obj
d:\המסמכים שלי\desktop\assignment 3\forclass3d\engine\debug\obj_loader.obj
d:\המסמכים שלי\desktop\assignment 3\forclass3d\engine\debug\mesh.obj
d:\המסמכים שלי\desktop\assignment 3\forclass3d\engine\debug\stb_image.obj
d:\המסמכים שלי\desktop\assignment 3\forclass3d\debug\engine.lib
c:\users\alpha\documents\classwork\graphics\ass_3\forclass3d\engine\debug\mesh.obj
c:\users\alpha\documents\classwork\graphics\ass_3\forclass3d\engine\debug\obj_loader.obj
c:\users\alpha\documents\classwork\graphics\ass_3\forclass3d\engine\debug\shader.obj
c:\users\alpha\documents\classwork\graphics\ass_3\forclass3d\engine\debug\stb_image.obj
c:\users\alpha\documents\classwork\graphics\ass_3\forclass3d\engine\debug\engine.idb
c:\users\alpha\documents\classwork\graphics\ass_3\forclass3d\engine\debug\engine.pdb
c:\users\alpha\documents\classwork\graphics\ass_3\forclass3d\debug\engine.pdb
c:\users\alpha\documents\classwork\graphics\ass_3\forclass3d\debug\engine.lib
c:\users\alpha\documents\classwork\graphics\ass_3\forclass3d\engine\debug\engine.tlog\cl.command.1.tlog
c:\users\alpha\documents\classwork\graphics\ass_3\forclass3d\engine\debug\engine.tlog\cl.read.1.tlog
c:\users\alpha\documents\classwork\graphics\ass_3\forclass3d\engine\debug\engine.tlog\cl.write.1.tlog
c:\users\alpha\documents\classwork\graphics\ass_3\forclass3d\engine\debug\engine.tlog\lib-link.read.1.tlog
c:\users\alpha\documents\classwork\graphics\ass_3\forclass3d\engine\debug\engine.tlog\lib-link.write.1.tlog
c:\users\alpha\documents\classwork\graphics\ass_3\forclass3d\engine\debug\engine.tlog\lib.command.1.tlog
