  RubiksCube.cpp
c:\users\alpha\documents\classwork\graphics\rubikscube\forclass3d\rubikscube.cpp(135): warning C4244: 'argument': conversion from 'double' to 'float', possible loss of data
c:\users\alpha\documents\classwork\graphics\rubikscube\forclass3d\rubikscube.cpp(142): warning C4244: 'argument': conversion from 'double' to 'float', possible loss of data
c:\users\alpha\documents\classwork\graphics\rubikscube\forclass3d\rubikscube.cpp(236): warning C4244: '=': conversion from 'float' to 'int', possible loss of data
c:\users\alpha\documents\classwork\graphics\rubikscube\forclass3d\rubikscube.cpp(237): warning C4244: '=': conversion from 'float' to 'int', possible loss of data
c:\users\alpha\documents\classwork\graphics\rubikscube\forclass3d\rubikscube.cpp(238): warning C4244: '=': conversion from 'float' to 'int', possible loss of data
c:\users\alpha\documents\classwork\graphics\rubikscube\forclass3d\rubikscube.cpp(242): warning C4244: '=': conversion from 'float' to 'int', possible loss of data
c:\users\alpha\documents\classwork\graphics\rubikscube\forclass3d\rubikscube.cpp(243): warning C4244: '=': conversion from 'float' to 'int', possible loss of data
c:\users\alpha\documents\classwork\graphics\rubikscube\forclass3d\rubikscube.cpp(244): warning C4244: '=': conversion from 'float' to 'int', possible loss of data
c:\users\alpha\documents\classwork\graphics\rubikscube\forclass3d\rubikscube.cpp(248): warning C4244: '=': conversion from 'float' to 'int', possible loss of data
c:\users\alpha\documents\classwork\graphics\rubikscube\forclass3d\rubikscube.cpp(249): warning C4244: '=': conversion from 'float' to 'int', possible loss of data
c:\users\alpha\documents\classwork\graphics\rubikscube\forclass3d\rubikscube.cpp(250): warning C4244: '=': conversion from 'float' to 'int', possible loss of data
c:\users\alpha\documents\classwork\graphics\rubikscube\forclass3d\rubikscube.cpp(342): warning C4244: '=': conversion from 'float' to 'int', possible loss of data
c:\users\alpha\documents\classwork\graphics\rubikscube\forclass3d\rubikscube.cpp(343): warning C4244: '=': conversion from 'float' to 'int', possible loss of data
c:\users\alpha\documents\classwork\graphics\rubikscube\forclass3d\rubikscube.cpp(344): warning C4244: '=': conversion from 'float' to 'int', possible loss of data
c:\users\alpha\documents\classwork\graphics\rubikscube\forclass3d\rubikscube.cpp(364): warning C4244: '=': conversion from 'float' to 'int', possible loss of data
c:\users\alpha\documents\classwork\graphics\rubikscube\forclass3d\rubikscube.cpp(365): warning C4244: '=': conversion from 'float' to 'int', possible loss of data
c:\users\alpha\documents\classwork\graphics\rubikscube\forclass3d\rubikscube.cpp(366): warning C4244: '=': conversion from 'float' to 'int', possible loss of data
c:\users\alpha\documents\classwork\graphics\rubikscube\forclass3d\rubikscube.cpp(372): warning C4244: '=': conversion from 'float' to 'int', possible loss of data
c:\users\alpha\documents\classwork\graphics\rubikscube\forclass3d\rubikscube.cpp(373): warning C4244: '=': conversion from 'float' to 'int', possible loss of data
c:\users\alpha\documents\classwork\graphics\rubikscube\forclass3d\rubikscube.cpp(374): warning C4244: '=': conversion from 'float' to 'int', possible loss of data
c:\users\alpha\documents\classwork\graphics\rubikscube\forclass3d\rubikscube.cpp(380): warning C4244: '=': conversion from 'float' to 'int', possible loss of data
c:\users\alpha\documents\classwork\graphics\rubikscube\forclass3d\rubikscube.cpp(381): warning C4244: '=': conversion from 'float' to 'int', possible loss of data
c:\users\alpha\documents\classwork\graphics\rubikscube\forclass3d\rubikscube.cpp(382): warning C4244: '=': conversion from 'float' to 'int', possible loss of data
  display.cpp
  main.cpp
c:\users\alpha\documents\classwork\graphics\rubikscube\forclass3d\inputmanager.h(74): warning C4244: 'argument': conversion from 'double' to 'float', possible loss of data
  Generating Code...
LINK : warning LNK4098: defaultlib 'MSVCRT' conflicts with use of other libs; use /NODEFAULTLIB:library
glew32sd.lib(glew.obj) : warning LNK4099: PDB 'vc110.pdb' was not found with 'glew32sd.lib(glew.obj)' or at 'C:\Users\alpha\Documents\classwork\graphics\RubiksCube\Debug\vc110.pdb'; linking object as if no debug info
  forClass3D.vcxproj -> C:\Users\alpha\Documents\classwork\graphics\RubiksCube\Debug\forClass3D.exe
