d:\המסמכים שלי\desktop\assignment 3\forclass3d\forclass3d\debug\vc141.pdb
d:\המסמכים שלי\desktop\assignment 3\forclass3d\forclass3d\debug\vc141.idb
d:\המסמכים שלי\desktop\assignment 3\forclass3d\forclass3d\debug\main.obj
d:\המסמכים שלי\desktop\assignment 3\forclass3d\forclass3d\debug\display.obj
d:\המסמכים שלי\desktop\assignment 3\forclass3d\forclass3d\debug\rubikscube.obj
d:\המסמכים שלי\desktop\assignment 3\forclass3d\debug\forclass3d.ilk
d:\המסמכים שלי\desktop\assignment 3\forclass3d\debug\forclass3d.exe
d:\המסמכים שלי\desktop\assignment 3\forclass3d\debug\forclass3d.pdb
c:\users\alpha\documents\classwork\graphics\ass_3\forclass3d\forclass3d\debug\display.obj
c:\users\alpha\documents\classwork\graphics\ass_3\forclass3d\forclass3d\debug\main.obj
c:\users\alpha\documents\classwork\graphics\ass_3\forclass3d\forclass3d\debug\rubikscube.obj
c:\users\alpha\documents\classwork\graphics\ass_3\forclass3d\forclass3d\debug\vc141.idb
c:\users\alpha\documents\classwork\graphics\ass_3\forclass3d\forclass3d\debug\vc141.pdb
c:\users\alpha\documents\classwork\graphics\ass_3\forclass3d\debug\forclass3d.pdb
c:\users\alpha\documents\classwork\graphics\ass_3\forclass3d\debug\forclass3d.exe
c:\users\alpha\documents\classwork\graphics\ass_3\forclass3d\debug\forclass3d.ilk
c:\users\alpha\documents\classwork\graphics\ass_3\forclass3d\forclass3d\debug\forclass3d.tlog\cl.command.1.tlog
c:\users\alpha\documents\classwork\graphics\ass_3\forclass3d\forclass3d\debug\forclass3d.tlog\cl.read.1.tlog
c:\users\alpha\documents\classwork\graphics\ass_3\forclass3d\forclass3d\debug\forclass3d.tlog\cl.write.1.tlog
c:\users\alpha\documents\classwork\graphics\ass_3\forclass3d\forclass3d\debug\forclass3d.tlog\link.command.1.tlog
c:\users\alpha\documents\classwork\graphics\ass_3\forclass3d\forclass3d\debug\forclass3d.tlog\link.read.1.tlog
c:\users\alpha\documents\classwork\graphics\ass_3\forclass3d\forclass3d\debug\forclass3d.tlog\link.write.1.tlog
